  audio.cpp
  bullet.cpp
  camera.cpp
  enemy.cpp
  explosion.cpp
  field.cpp
  game.cpp
  main.cpp
  manager.cpp
  model.cpp
  player.cpp
  polygon2D.cpp
  renderer.cpp
  result.cpp
C:\Users\reyay\source\repos\GM31\GM31_now\Project1\result.cpp(13,13): warning C4101: 'title': ローカル変数は 1 度も使われていません。
  skydoom.cpp
  spawn.cpp
  title.cpp
C:\Users\reyay\source\repos\GM31\GM31_now\Project1\title.cpp(13,13): warning C4101: 'title': ローカル変数は 1 度も使われていません。
  UI.cpp
  UI_life.cpp
  UI_sp.cpp
  コンパイル中...
  white.cpp
  コード生成しています。
  385 of 527 functions (73.1%) were compiled, the rest were copied from previous compilation.
    213 functions were new in current compilation
    21 functions had inline decision re-evaluated but remain unchanged
  コード生成が終了しました。
  Project1.vcxproj -> C:\Users\reyay\source\repos\GM31\GM31_now\Release\Project1.exe
