f:\gmproject\main\project1\release\vc142.pdb
f:\gmproject\main\project1\release\ui_sp.obj
f:\gmproject\main\project1\release\ui_life.obj
f:\gmproject\main\project1\release\ui.obj
f:\gmproject\main\project1\release\title.obj
f:\gmproject\main\project1\release\spawn.obj
f:\gmproject\main\project1\release\skydoom.obj
f:\gmproject\main\project1\release\result.obj
f:\gmproject\main\project1\release\renderer.obj
f:\gmproject\main\project1\release\polygon2d.obj
f:\gmproject\main\project1\release\player.obj
f:\gmproject\main\project1\release\model.obj
f:\gmproject\main\project1\release\manager.obj
f:\gmproject\main\project1\release\main.obj
f:\gmproject\main\project1\release\game.obj
f:\gmproject\main\project1\release\field.obj
f:\gmproject\main\project1\release\explosion.obj
f:\gmproject\main\project1\release\enemy.obj
f:\gmproject\main\project1\release\camera.obj
f:\gmproject\main\project1\release\bullet.obj
f:\gmproject\main\project1\release\audio.obj
f:\gmproject\main\project1\release\white.obj
f:\gmproject\main\project1\release\boss.obj
f:\gmproject\main\project1\pixellightingrimps.cso
f:\gmproject\main\project1\pixellightingrimvs.cso
f:\gmproject\main\project1\toonps.cso
f:\gmproject\main\project1\toonvs.cso
f:\gmproject\main\project1\unlittextureps.cso
f:\gmproject\main\project1\unlittexturevs.cso
f:\gmproject\main\project1\vertexlightingps.cso
f:\gmproject\main\project1\vertexlightingvs.cso
f:\gmproject\main\release\project1.exe
f:\gmproject\main\project1\release\project1.ipdb
f:\gmproject\main\project1\release\project1.iobj
f:\gmproject\main\release\project1.pdb
f:\gmproject\main\project1\release\project1.tlog\cl.command.1.tlog
f:\gmproject\main\project1\release\project1.tlog\cl.read.1.tlog
f:\gmproject\main\project1\release\project1.tlog\cl.write.1.tlog
f:\gmproject\main\project1\release\project1.tlog\fxc.command.1.tlog
f:\gmproject\main\project1\release\project1.tlog\fxc.read.1.tlog
f:\gmproject\main\project1\release\project1.tlog\fxc.write.1.tlog
f:\gmproject\main\project1\release\project1.tlog\link.command.1.tlog
f:\gmproject\main\project1\release\project1.tlog\link.read.1.tlog
f:\gmproject\main\project1\release\project1.tlog\link.write.1.tlog
