c:\users\reyay\source\repos\gm31\gm31_effect\project1\debug\vc142.pdb
c:\users\reyay\source\repos\gm31\gm31_effect\project1\debug\vc142.idb
c:\users\reyay\source\repos\gm31\gm31_effect\project1\debug\renderer.obj
c:\users\reyay\source\repos\gm31\gm31_effect\project1\debug\polygon2d.obj
c:\users\reyay\source\repos\gm31\gm31_effect\project1\debug\player.obj
c:\users\reyay\source\repos\gm31\gm31_effect\project1\debug\model.obj
c:\users\reyay\source\repos\gm31\gm31_effect\project1\debug\manager.obj
c:\users\reyay\source\repos\gm31\gm31_effect\project1\debug\main.obj
c:\users\reyay\source\repos\gm31\gm31_effect\project1\debug\field.obj
c:\users\reyay\source\repos\gm31\gm31_effect\project1\debug\enemy.obj
c:\users\reyay\source\repos\gm31\gm31_effect\project1\debug\camera.obj
c:\users\reyay\source\repos\gm31\gm31_effect\project1\debug\bullet.obj
c:\users\reyay\source\repos\gm31\gm31_effect\project1\unlittextureps.cso
c:\users\reyay\source\repos\gm31\gm31_effect\project1\unlittexturevs.cso
c:\users\reyay\source\repos\gm31\gm31_effect\project1\vertexlightingps.cso
c:\users\reyay\source\repos\gm31\gm31_effect\project1\vertexlightingvs.cso
c:\users\reyay\source\repos\gm31\gm31_effect\project1\debug\project1.tlog\cl.command.1.tlog
c:\users\reyay\source\repos\gm31\gm31_effect\project1\debug\project1.tlog\cl.read.1.tlog
c:\users\reyay\source\repos\gm31\gm31_effect\project1\debug\project1.tlog\cl.write.1.tlog
c:\users\reyay\source\repos\gm31\gm31_effect\project1\debug\project1.tlog\fxc.command.1.tlog
c:\users\reyay\source\repos\gm31\gm31_effect\project1\debug\project1.tlog\fxc.read.1.tlog
c:\users\reyay\source\repos\gm31\gm31_effect\project1\debug\project1.tlog\fxc.write.1.tlog
